<?xml version="1.0" encoding="UTF-8"?>
<!-- Generated by org.testng.reporters.JUnitXMLReporter -->
<testsuite ignored="0" hostname="sb-Inspiron-5558" failures="4" tests="6" name="Test" time="266.992" errors="0" timestamp="18 Jun 2019 07:10:25 GMT">
  <testcase classname="com.inetbanking.testCases.TC_LoginTest_002" name="loginDDF" time="93.117"/>
  <testcase classname="com.inetbanking.testCases.TC_LoginTest_002" name="loginDDF" time="34.622">
    <failure type="junit.framework.AssertionFailedError">
      <![CDATA[junit.framework.AssertionFailedError
at junit.framework.Assert.fail(Assert.java:47)
at junit.framework.Assert.assertTrue(Assert.java:20)
at junit.framework.Assert.assertTrue(Assert.java:27)
at com.inetbanking.testCases.TC_LoginTest_002.loginDDF(TC_LoginTest_002.java:22)
... Removed 25 stack frames]]>
    </failure>
  </testcase> <!-- loginDDF -->
  <testcase classname="com.inetbanking.testCases.TC_LoginTest_002" name="loginDDF" time="32.327">
    <failure type="junit.framework.AssertionFailedError">
      <![CDATA[junit.framework.AssertionFailedError
at junit.framework.Assert.fail(Assert.java:47)
at junit.framework.Assert.assertTrue(Assert.java:20)
at junit.framework.Assert.assertTrue(Assert.java:27)
at com.inetbanking.testCases.TC_LoginTest_002.loginDDF(TC_LoginTest_002.java:22)
... Removed 25 stack frames]]>
    </failure>
  </testcase> <!-- loginDDF -->
  <testcase classname="com.inetbanking.testCases.TC_LoginTest_002" name="loginDDF" time="18.997">
    <failure type="junit.framework.AssertionFailedError">
      <![CDATA[junit.framework.AssertionFailedError
at junit.framework.Assert.fail(Assert.java:47)
at junit.framework.Assert.assertTrue(Assert.java:20)
at junit.framework.Assert.assertTrue(Assert.java:27)
at com.inetbanking.testCases.TC_LoginTest_002.loginDDF(TC_LoginTest_002.java:22)
... Removed 25 stack frames]]>
    </failure>
  </testcase> <!-- loginDDF -->
  <testcase classname="com.inetbanking.testCases.TC_LoginTest_002" name="loginDDF" time="25.36">
    <failure type="junit.framework.AssertionFailedError">
      <![CDATA[junit.framework.AssertionFailedError
at junit.framework.Assert.fail(Assert.java:47)
at junit.framework.Assert.assertTrue(Assert.java:20)
at junit.framework.Assert.assertTrue(Assert.java:27)
at com.inetbanking.testCases.TC_LoginTest_002.loginDDF(TC_LoginTest_002.java:22)
... Removed 25 stack frames]]>
    </failure>
  </testcase> <!-- loginDDF -->
  <testcase classname="com.inetbanking.testCases.TC_LoginTest_002" name="loginDDF" time="39.768"/>
</testsuite> <!-- Test -->
